<?xml version="1.0" encoding="UTF-8"?>
<!-- Generated by org.testng.reporters.JUnitReportReporter -->
<testsuite hostname="DESKTOP-RHB8PT2" failures="0" tests="1" name="com.komoot.Testcases.VerifyKomootSignUp" time="15.743" errors="0" timestamp="2020-08-05T15:51:26 MESZ" skipped="0">
  <testcase classname="com.komoot.Testcases.VerifyKomootSignUp" name="verifyValidLogin" time="15.743"/>
  <system-out/>
</testsuite> <!-- com.komoot.Testcases.VerifyKomootSignUp -->
